#-----------------------------------------------------------
# Vivado v2020.1 (64-bit)
# SW Build 2902540 on Wed May 27 19:54:49 MDT 2020
# IP Build 2902112 on Wed May 27 22:43:36 MDT 2020
# Start of session at: Thu Nov 17 00:04:57 2022
# Process ID: 27128
# Current directory: E:/Xlinx_project/dazuoye_final/dazuoye
# Command line: vivado.exe -gui_launcher_event rodinguilauncherevent19884 E:\Xlinx_project\dazuoye_final\dazuoye\dazuoye.xpr
# Log file: E:/Xlinx_project/dazuoye_final/dazuoye/vivado.log
# Journal file: E:/Xlinx_project/dazuoye_final/dazuoye\vivado.jou
#-----------------------------------------------------------
start_gui
open_project E:/Xlinx_project/dazuoye_final/dazuoye/dazuoye.xpr
INFO: [Project 1-313] Project file moved from 'F:/digital logic/dazuoye' since last save.
Scanning sources...
Finished scanning sources
INFO: [IP_Flow 19-234] Refreshing IP repositories
INFO: [IP_Flow 19-1704] No user IP repositories specified
INFO: [IP_Flow 19-2313] Loaded Vivado IP repository 'E:/Xlinx/Vivado/2020.1/data/ip'.
open_project: Time (s): cpu = 00:00:12 ; elapsed = 00:00:36 . Memory (MB): peak = 1469.859 ; gain = 0.000
update_compile_order -fileset sources_1
exit
INFO: [Common 17-206] Exiting Vivado at Thu Nov 17 00:06:31 2022...
