Vivado Simulator v2023.1
Copyright 1986-2022 Xilinx, Inc. All Rights Reserved.
Copyright 2022-2023 Advanced Micro Devices, Inc. All Rights Reserved.
Running: I:/VA/Vivado/2023.1/bin/unwrapped/win64.o/xelab.exe --incr --debug typical --relax --mt 2 -L xil_defaultlib -L blk_mem_gen_v8_4_6 -L unisims_ver -L unimacro_ver -L secureip -L xpm --snapshot cpu_tb_behav xil_defaultlib.cpu_tb xil_defaultlib.glbl -log elaborate.log 
Using 2 slave threads.
Starting static elaboration
Pass Through NonSizing Optimizer
Completed static elaboration
Starting simulation data flow analysis
Completed simulation data flow analysis
Time Resolution for simulation is 1ps
Compiling module xil_defaultlib.signal
Compiling module xil_defaultlib.sym_16_to_32
Compiling module xil_defaultlib.ALU
Compiling module xil_defaultlib.ALU_reg
Compiling module xil_defaultlib.CU
Compiling module xil_defaultlib.IR
Compiling module xil_defaultlib.LDM
Compiling module xil_defaultlib.MUX_4_to_1
Compiling module xil_defaultlib.NPC
Compiling module xil_defaultlib.PC
Compiling module xil_defaultlib.PC_Add
Compiling module xil_defaultlib.PC_Cond
Compiling module xil_defaultlib.regfile
Compiling module blk_mem_gen_v8_4_6.blk_mem_gen_v8_4_6_output_stage(...
Compiling module blk_mem_gen_v8_4_6.blk_mem_gen_v8_4_6_softecc_outpu...
Compiling module blk_mem_gen_v8_4_6.blk_mem_gen_v8_4_6_mem_module(C_...
Compiling module blk_mem_gen_v8_4_6.blk_mem_gen_v8_4_6(C_FAMILY="art...
Compiling module xil_defaultlib.ramb
Compiling module xil_defaultlib.i_ram
Compiling module blk_mem_gen_v8_4_6.blk_mem_gen_v8_4_6_mem_module(C_...
Compiling module blk_mem_gen_v8_4_6.blk_mem_gen_v8_4_6(C_FAMILY="art...
Compiling module xil_defaultlib.ramd
Compiling module xil_defaultlib.d_ram
Compiling module xil_defaultlib.CPU
Compiling module xil_defaultlib.cpu_top
Compiling module xil_defaultlib.cpu_tb
Compiling module xil_defaultlib.glbl
Built simulation snapshot cpu_tb_behav
