#-----------------------------------------------------------
# Vivado v2020.1 (64-bit)
# SW Build 2902540 on Wed May 27 19:54:49 MDT 2020
# IP Build 2902112 on Wed May 27 22:43:36 MDT 2020
# Start of session at: Thu Aug 31 18:29:53 2023
# Process ID: 4904
# Current directory: E:/Xlinx_project/lab3_RAM
# Command line: vivado.exe -gui_launcher_event rodinguilauncherevent12516 E:\Xlinx_project\lab3_RAM\lab3_RAM.xpr
# Log file: E:/Xlinx_project/lab3_RAM/vivado.log
# Journal file: E:/Xlinx_project/lab3_RAM\vivado.jou
#-----------------------------------------------------------
start_guioopen_project E:/Xlinx_project/lab3_RAM/lab3_RAM.xpr
Scanning sources...
Finished scanning sources
INFO: [IP_Flow 19-234] Refreshing IP repositories
INFO: [IP_Flow 19-1704] No user IP repositories specified
INFO: [IP_Flow 19-2313] Loaded Vivado IP repository 'E:/Xlinx/Vivado/2020.1/data/ip'.
open_project: Time (s): cpu = 00:00:22 ; elapsed = 00:00:09 . Memory (MB): peak = 1112.434 ; gain = 0.000
update_compile_order -fileset sources_1exit
INFO: [Common 17-206] Exiting Vivado at Thu Aug 31 18:37:06 2023...

