#-----------------------------------------------------------
# Vivado v2020.1 (64-bit)
# SW Build 2902540 on Wed May 27 19:54:49 MDT 2020
# IP Build 2902112 on Wed May 27 22:43:36 MDT 2020
# Start of session at: Sun Oct  8 14:54:39 2023
# Process ID: 20180
# Current directory: E:/Xlinx_project/example_lab_1
# Command line: vivado.exe -gui_launcher_event rodinguilauncherevent17164 E:\Xlinx_project\example_lab_1\example_lab_1.xpr
# Log file: E:/Xlinx_project/example_lab_1/vivado.log
# Journal file: E:/Xlinx_project/example_lab_1\vivado.jou
#-----------------------------------------------------------
start_gui
open_project E:/Xlinx_project/example_lab_1/example_lab_1.xpr
Scanning sources...
Finished scanning sources
INFO: [IP_Flow 19-234] Refreshing IP repositories
INFO: [IP_Flow 19-1704] No user IP repositories specified
INFO: [IP_Flow 19-2313] Loaded Vivado IP repository 'E:/Xlinx/Vivado/2020.1/data/ip'.
open_project: Time (s): cpu = 00:00:15 ; elapsed = 00:00:09 . Memory (MB): peak = 1111.945 ; gain = 0.000
update_compile_order -fileset sources_1
launch_simulation
Command: launch_simulation 
INFO: [Vivado 12-5682] Launching behavioral simulation in 'E:/Xlinx_project/example_lab_1/example_lab_1.sim/sim_1/behav/xsim'
INFO: [SIM-utils-51] Simulation object is 'sim_1'
INFO: [SIM-utils-54] Inspecting design source files for 'cpu_tb' in fileset 'sim_1'...
INFO: [USF-XSim-97] Finding global include files...
INFO: [USF-XSim-98] Fetching design files from 'sim_1'...
INFO: [USF-XSim-2] XSim::Compile design
INFO: [USF-XSim-61] Executing 'COMPILE and ANALYZE' step in 'E:/Xlinx_project/example_lab_1/example_lab_1.sim/sim_1/behav/xsim'
"xvlog --incr --relax -prj cpu_tb_vlog.prj"
INFO: [USF-XSim-69] 'compile' step finished in '2' seconds
INFO: [USF-XSim-3] XSim::Elaborate design
INFO: [USF-XSim-61] Executing 'ELABORATE' step in 'E:/Xlinx_project/example_lab_1/example_lab_1.sim/sim_1/behav/xsim'
"xelab -wto 826dc948251f485f9810e2c1c5845102 --incr --debug typical --relax --mt 2 -L xil_defaultlib -L unisims_ver -L unimacro_ver -L secureip --snapshot cpu_tb_behav xil_defaultlib.cpu_tb xil_defaultlib.glbl -log elaborate.log"
Vivado Simulator 2020.1
Copyright 1986-1999, 2001-2020 Xilinx, Inc. All Rights Reserved.
Running: E:/Xlinx/Vivado/2020.1/bin/unwrapped/win64.o/xelab.exe -wto 826dc948251f485f9810e2c1c5845102 --incr --debug typical --relax --mt 2 -L xil_defaultlib -L unisims_ver -L unimacro_ver -L secureip --snapshot cpu_tb_behav xil_defaultlib.cpu_tb xil_defaultlib.glbl -log elaborate.log 
Using 2 slave threads.
Starting static elaboration
Pass Through NonSizing Optimizer
WARNING: [VRFC 10-3091] actual bit length 32 differs from formal bit length 1 for port 'NPC_in' [E:/Xlinx_project/example_lab_1/example_lab_1.srcs/sources_1/new/cpu.v:116]
WARNING: [VRFC 10-3091] actual bit length 32 differs from formal bit length 5 for port 'waddr' [E:/Xlinx_project/example_lab_1/example_lab_1.srcs/sources_1/new/cpu.v:132]
WARNING: [VRFC 10-3091] actual bit length 32 differs from formal bit length 8 for port 'data_ram_addr' [E:/Xlinx_project/example_lab_1/example_lab_1.srcs/sources_1/new/cpu.v:209]
WARNING: [VRFC 10-5021] port 'cout' is not connected on this instance [E:/Xlinx_project/example_lab_1/example_lab_1.srcs/sources_1/new/ID_EX.v:70]
WARNING: [VRFC 10-5021] port 'cout' is not connected on this instance [E:/Xlinx_project/example_lab_1/example_lab_1.srcs/sources_1/new/EX_MEM.v:40]
WARNING: [VRFC 10-5021] port 'cout' is not connected on this instance [E:/Xlinx_project/example_lab_1/example_lab_1.srcs/sources_1/new/MEM_WB.v:47]
Completed static elaboration
INFO: [XSIM 43-4323] No Change in HDL. Linking previously generated obj files to create kernel
INFO: [USF-XSim-69] 'elaborate' step finished in '2' seconds
INFO: [USF-XSim-4] XSim::Simulate design
INFO: [USF-XSim-61] Executing 'SIMULATE' step in 'E:/Xlinx_project/example_lab_1/example_lab_1.sim/sim_1/behav/xsim'
INFO: [USF-XSim-98] *** Running xsim
   with args "cpu_tb_behav -key {Behavioral:sim_1:Functional:cpu_tb} -tclbatch {cpu_tb.tcl} -log {simulate.log}"
INFO: [USF-XSim-8] Loading simulator feature
Vivado Simulator 2020.1
Time resolution is 1 ps
source cpu_tb.tcl
# set curr_wave [current_wave_config]
# if { [string length $curr_wave] == 0 } {
#   if { [llength [get_objects]] > 0} {
#     add_wave /
#     set_property needs_save false [current_wave_config]
#   } else {
#      send_msg_id Add_Wave-1 WARNING "No top level signals found. Simulator will start without a wave window. If you want to open a wave window go to 'File->New Waveform Configuration' or type 'create_wave_config' in the TCL console."
#   }
# }
# run 1000ns
WARNING: File C:\Users\water_boy\lab1_env_new\lab_1\lab_1.data\additional_cpu_trace2 referenced on E:/Xlinx_project/example_lab_1/example_lab_1.srcs/sources_1/new/cpu_top.v at line 23 cannot be opened for reading. Please ensure that this file is available in the current working directory.
==============================================================
Test begin!
    ----PASS!!!
Test end!
==============================================================
$finish called at time : 500 ns : File "E:/Xlinx_project/example_lab_1/example_lab_1.srcs/sources_1/new/cpu_top.v" Line 67
INFO: [USF-XSim-96] XSim completed. Design snapshot 'cpu_tb_behav' loaded.
INFO: [USF-XSim-97] XSim simulation ran for 1000ns
launch_simulation: Time (s): cpu = 00:00:12 ; elapsed = 00:00:09 . Memory (MB): peak = 1111.945 ; gain = 0.000
current_wave_config {}
WARNING: [Wavedata 42-16] Error Unable to get wave configuration ''.
Untitled 1
add_wave {{/cpu_tb/U_cpu_top/U_cpu}} 
run all
run: Time (s): cpu = 00:00:06 ; elapsed = 00:00:05 . Memory (MB): peak = 1111.945 ; gain = 0.000
relaunch_sim
Command: launch_simulation -simset sim_1 -mode behavioral
INFO: [Vivado 12-5682] Launching behavioral simulation in 'E:/Xlinx_project/example_lab_1/example_lab_1.sim/sim_1/behav/xsim'
INFO: [SIM-utils-51] Simulation object is 'sim_1'
INFO: [SIM-utils-54] Inspecting design source files for 'cpu_tb' in fileset 'sim_1'...
INFO: [USF-XSim-97] Finding global include files...
INFO: [USF-XSim-98] Fetching design files from 'sim_1'...
INFO: [USF-XSim-2] XSim::Compile design
INFO: [USF-XSim-61] Executing 'COMPILE and ANALYZE' step in 'E:/Xlinx_project/example_lab_1/example_lab_1.sim/sim_1/behav/xsim'
"xvlog --incr --relax -prj cpu_tb_vlog.prj"
INFO: [USF-XSim-69] 'compile' step finished in '2' seconds
Command: launch_simulation -simset sim_1 -mode behavioral
INFO: [Vivado 12-5682] Launching behavioral simulation in 'E:/Xlinx_project/example_lab_1/example_lab_1.sim/sim_1/behav/xsim'
INFO: [USF-XSim-3] XSim::Elaborate design
INFO: [USF-XSim-61] Executing 'ELABORATE' step in 'E:/Xlinx_project/example_lab_1/example_lab_1.sim/sim_1/behav/xsim'
"xelab -wto 826dc948251f485f9810e2c1c5845102 --incr --debug typical --relax --mt 2 -L xil_defaultlib -L unisims_ver -L unimacro_ver -L secureip --snapshot cpu_tb_behav xil_defaultlib.cpu_tb xil_defaultlib.glbl -log elaborate.log"
Vivado Simulator 2020.1
Copyright 1986-1999, 2001-2020 Xilinx, Inc. All Rights Reserved.
Running: E:/Xlinx/Vivado/2020.1/bin/unwrapped/win64.o/xelab.exe -wto 826dc948251f485f9810e2c1c5845102 --incr --debug typical --relax --mt 2 -L xil_defaultlib -L unisims_ver -L unimacro_ver -L secureip --snapshot cpu_tb_behav xil_defaultlib.cpu_tb xil_defaultlib.glbl -log elaborate.log 
Using 2 slave threads.
Starting static elaboration
Pass Through NonSizing Optimizer
WARNING: [VRFC 10-3091] actual bit length 32 differs from formal bit length 1 for port 'NPC_in' [E:/Xlinx_project/example_lab_1/example_lab_1.srcs/sources_1/new/cpu.v:116]
WARNING: [VRFC 10-3091] actual bit length 32 differs from formal bit length 5 for port 'waddr' [E:/Xlinx_project/example_lab_1/example_lab_1.srcs/sources_1/new/cpu.v:132]
WARNING: [VRFC 10-3091] actual bit length 32 differs from formal bit length 8 for port 'data_ram_addr' [E:/Xlinx_project/example_lab_1/example_lab_1.srcs/sources_1/new/cpu.v:209]
WARNING: [VRFC 10-5021] port 'cout' is not connected on this instance [E:/Xlinx_project/example_lab_1/example_lab_1.srcs/sources_1/new/ID_EX.v:70]
WARNING: [VRFC 10-5021] port 'cout' is not connected on this instance [E:/Xlinx_project/example_lab_1/example_lab_1.srcs/sources_1/new/EX_MEM.v:40]
WARNING: [VRFC 10-5021] port 'cout' is not connected on this instance [E:/Xlinx_project/example_lab_1/example_lab_1.srcs/sources_1/new/MEM_WB.v:47]
Completed static elaboration
INFO: [XSIM 43-4323] No Change in HDL. Linking previously generated obj files to create kernel
INFO: [USF-XSim-69] 'elaborate' step finished in '2' seconds
Vivado Simulator 2020.1
Time resolution is 1 ps
WARNING: File C:\Users\water_boy\lab1_env_new\lab_1\lab_1.data\additional_cpu_trace2 referenced on E:/Xlinx_project/example_lab_1/example_lab_1.srcs/sources_1/new/cpu_top.v at line 23 cannot be opened for reading. Please ensure that this file is available in the current working directory.
==============================================================
Test begin!
    ----PASS!!!
Test end!
==============================================================
$finish called at time : 500 ns : File "E:/Xlinx_project/example_lab_1/example_lab_1.srcs/sources_1/new/cpu_top.v" Line 67
relaunch_sim: Time (s): cpu = 00:00:02 ; elapsed = 00:00:08 . Memory (MB): peak = 1428.285 ; gain = 0.000
run 100 ns
current_wave_config {Untitled 1}
Untitled 1
add_wave {{/cpu_tb/U_cpu_top/U_cpu/data_RAM}} 
