#-----------------------------------------------------------
# Vivado v2020.1 (64-bit)
# SW Build 2902540 on Wed May 27 19:54:49 MDT 2020
# IP Build 2902112 on Wed May 27 22:43:36 MDT 2020
# Start of session at: Sat Sep 30 22:34:02 2023
# Process ID: 4940
# Current directory: E:/Xlinx_project/lab_1
# Command line: vivado.exe -gui_launcher_event rodinguilauncherevent23308 E:\Xlinx_project\lab_1\lab_1.xpr
# Log file: E:/Xlinx_project/lab_1/vivado.log
# Journal file: E:/Xlinx_project/lab_1\vivado.jou
#-----------------------------------------------------------
start_gui
open_project E:/Xlinx_project/lab_1/lab_1.xpr
INFO: [Project 1-313] Project file moved from 'D:/Document/lab1_env_new/lab_1' since last save.
Scanning sources...
Finished scanning sources
INFO: [IP_Flow 19-234] Refreshing IP repositories
INFO: [IP_Flow 19-1704] No user IP repositories specified
INFO: [IP_Flow 19-2313] Loaded Vivado IP repository 'E:/Xlinx/Vivado/2020.1/data/ip'.
open_project: Time (s): cpu = 00:00:16 ; elapsed = 00:00:07 . Memory (MB): peak = 1113.590 ; gain = 0.000
update_compile_order -fileset sources_1
close [ open E:/Xlinx_project/lab_1/lab_1.srcs/sources_1/new/PC.v w ]
add_files E:/Xlinx_project/lab_1/lab_1.srcs/sources_1/new/PC.v
update_compile_order -fileset sources_1
close [ open E:/Xlinx_project/lab_1/lab_1.srcs/sources_1/new/221mux.v w ]
add_files E:/Xlinx_project/lab_1/lab_1.srcs/sources_1/new/221mux.v
close [ open E:/Xlinx_project/lab_1/lab_1.srcs/sources_1/new/421mux.v w ]
add_files E:/Xlinx_project/lab_1/lab_1.srcs/sources_1/new/421mux.v
update_compile_order -fileset sources_1
export_ip_user_files -of_objects  [get_files E:/Xlinx_project/lab_1/lab_1.srcs/sources_1/new/221mux.v] -no_script -reset -force -quiet
remove_files  E:/Xlinx_project/lab_1/lab_1.srcs/sources_1/new/221mux.v
export_ip_user_files -of_objects  [get_files E:/Xlinx_project/lab_1/lab_1.srcs/sources_1/new/421mux.v] -no_script -reset -force -quiet
remove_files  E:/Xlinx_project/lab_1/lab_1.srcs/sources_1/new/421mux.v
close [ open E:/Xlinx_project/lab_1/lab_1.srcs/sources_1/new/41Mux.v w ]
add_files E:/Xlinx_project/lab_1/lab_1.srcs/sources_1/new/41Mux.v
update_compile_order -fileset sources_1
export_ip_user_files -of_objects  [get_files E:/Xlinx_project/lab_1/lab_1.srcs/sources_1/new/41Mux.v] -no_script -reset -force -quiet
remove_files  E:/Xlinx_project/lab_1/lab_1.srcs/sources_1/new/41Mux.v
file delete -force E:/Xlinx_project/lab_1/lab_1.srcs/sources_1/new/41Mux.v
close [ open E:/Xlinx_project/lab_1/lab_1.srcs/sources_1/new/mux_421.v w ]
add_files E:/Xlinx_project/lab_1/lab_1.srcs/sources_1/new/mux_421.v
update_compile_order -fileset sources_1
close [ open E:/Xlinx_project/lab_1/lab_1.srcs/sources_1/new/ALU.v w ]
add_files E:/Xlinx_project/lab_1/lab_1.srcs/sources_1/new/ALU.v
close [ open E:/Xlinx_project/lab_1/lab_1.srcs/sources_1/new/mux_221.v w ]
add_files E:/Xlinx_project/lab_1/lab_1.srcs/sources_1/new/mux_221.v
close [ open E:/Xlinx_project/lab_1/lab_1.srcs/sources_1/new/DMEM.v w ]
add_files E:/Xlinx_project/lab_1/lab_1.srcs/sources_1/new/DMEM.v
close [ open E:/Xlinx_project/lab_1/lab_1.srcs/sources_1/new/CU.v w ]
add_files E:/Xlinx_project/lab_1/lab_1.srcs/sources_1/new/CU.v
close [ open E:/Xlinx_project/lab_1/lab_1.srcs/sources_1/new/IMEM.v w ]
add_files E:/Xlinx_project/lab_1/lab_1.srcs/sources_1/new/IMEM.v
close [ open E:/Xlinx_project/lab_1/lab_1.srcs/sources_1/new/Regfile.v w ]
add_files E:/Xlinx_project/lab_1/lab_1.srcs/sources_1/new/Regfile.v
update_compile_order -fileset sources_1
