#-----------------------------------------------------------
# Vivado v2020.1 (64-bit)
# SW Build 2902540 on Wed May 27 19:54:49 MDT 2020
# IP Build 2902112 on Wed May 27 22:43:36 MDT 2020
# Start of session at: Sat Sep 30 22:32:26 2023
# Process ID: 22408
# Current directory: D:/Document/lab1_env_new/lab_1
# Command line: vivado.exe -gui_launcher_event rodinguilauncherevent1480 D:\Document\lab1_env_new\lab_1\lab_1.xpr
# Log file: D:/Document/lab1_env_new/lab_1/vivado.log
# Journal file: D:/Document/lab1_env_new/lab_1\vivado.jou
#-----------------------------------------------------------
start_gui
open_project D:/Document/lab1_env_new/lab_1/lab_1.xpr
INFO: [Common 17-41] Interrupt caught. Command should exit soon.
INFO: [Common 17-344] 'open_project' was cancelled
exit
INFO: [Common 17-206] Exiting Vivado at Sat Sep 30 22:33:04 2023...
ct 1-230] Project 'lab_1.xpr' upgraded for this version of Vivado.
INFO: [IP_Flow 19-234] Refreshing IP repositories
INFO: [IP_Flow 19-1704] No user IP repositories specified
INFO: [IP_Flow 19-2313] Loaded Vivado IP repository 'E:/Xlinx/Vivado/2020.1/data/ip'.
open_project: Time (s): cpu = 00:00:18 ; elapsed = 00:00:09 . Memory (MB): peak = 1112.695 ; gain = 0.000
update_compile_order -fileset sources_1
exit
INFO: [Common 17-206] Exiting Vivado at Sat Sep 30 22:33:26 2023...
