#-----------------------------------------------------------
# Vivado v2020.1 (64-bit)
# SW Build 2902540 on Wed May 27 19:54:49 MDT 2020
# IP Build 2902112 on Wed May 27 22:43:36 MDT 2020
# Start of session at: Fri Aug 25 17:29:16 2023
# Process ID: 6156
# Current directory: E:/Xlinx_project/Ledflow
# Command line: vivado.exe -gui_launcher_event rodinguilauncherevent10424 E:\Xlinx_project\Ledflow\Ledflow.xpr
# Log file: E:/Xlinx_project/Ledflow/vivado.log
# Journal file: E:/Xlinx_project/Ledflow\vivado.jou
#-----------------------------------------------------------
start_gui
open_project E:/Xlinx_project/Ledflow/Ledflow.xpr
Scanning sources...
Finished scanning sources
INFO: [IP_Flow 19-234] Refreshing IP repositories
INFO: [IP_Flow 19-1704] No user IP repositories specified
INFO: [IP_Flow 19-2313] Loaded Vivado IP repository 'E:/Xlinx/Vivado/2020.1/data/ip'.
open_project: Time (s): cpu = 00:00:14 ; elapsed = 00:00:31 . Memory (MB): peak = 957.902 ; gain = 19.371
reset_run synth_1
update_compile_order -fileset sources_1
launch_runs synth_1 -jobs 4
[Fri Aug 25 17:32:38 2023] Launched synth_1...
Run output will be captured here: E:/Xlinx_project/Ledflow/Ledflow.runs/synth_1/runme.log
reset_run synth_1
WARNING: [Vivado 12-1017] Problems encountered:
1. Failed to delete one or more files in run directory E:/Xlinx_project/Ledflow/Ledflow.runs/synth_1

exit
INFO: [Common 17-206] Exiting Vivado at Fri Aug 25 17:34:23 2023...
