#-----------------------------------------------------------
# Vivado v2020.1 (64-bit)
# SW Build 2902540 on Wed May 27 19:54:49 MDT 2020
# IP Build 2902112 on Wed May 27 22:43:36 MDT 2020
# Start of session at: Sat Aug 26 00:14:33 2023
# Process ID: 16212
# Current directory: E:/Xlinx_project/Ledflow
# Command line: vivado.exe -gui_launcher_event rodinguilauncherevent6984 E:\Xlinx_project\Ledflow\Ledflow.xpr
# Log file: E:/Xlinx_project/Ledflow/vivado.log
# Journal file: E:/Xlinx_project/Ledflow\vivado.jou
#-----------------------------------------------------------
start_gui
open_project E:/Xlinx_project/Ledflow/Ledflow.xpr
Scanning sources...
Finished scanning sources
INFO: [IP_Flow 19-234] Refreshing IP repositories
INFO: [IP_Flow 19-1704] No user IP repositories specified
INFO: [IP_Flow 19-2313] Loaded Vivado IP repository 'E:/Xlinx/Vivado/2020.1/data/ip'.
open_project: Time (s): cpu = 00:00:16 ; elapsed = 00:00:30 . Memory (MB): peak = 1077.840 ; gain = 0.000
update_compile_order -fileset sources_1
exit
INFO: [Common 17-206] Exiting Vivado at Sat Aug 26 00:19:23 2023...
